<?xml version="1.0" encoding="UTF-8"?>
<testsuite xmlns:xsi="http://www.w3.org/2001/XMLSchema-instance" xsi:noNamespaceSchemaLocation="https://maven.apache.org/surefire/maven-surefire-plugin/xsd/surefire-test-report.xsd" name="testUtils.TestRunner" time="17.797" tests="10" errors="0" skipped="1" failures="2">
  <properties>
[...]
</properties>
  <testcase name="Given I&apos;m on login page" classname="| NewInsightsTest@gmail.com | Test123456! |" time="0.001"/>
  <testcase name="And I&apos;m trying to login with &quot;NewInsightsTest@gmail.com&quot; and &quot;Test123456!&quot;" classname="| NewInsightsTest@gmail.com | Test123456! |" time="0"/>
  <testcase name="And I&apos;m on home page and i&apos;m logged in as &quot;NewInsightsTest@gmail.com&quot;" classname="| NewInsightsTest@gmail.com | Test123456! |" time="0"/>
  <testcase name="And I&apos;m on the &quot;Sessions Count&quot; report page" classname="| NewInsightsTest@gmail.com | Test123456! |" time="0"/>
  <testcase name="And Report default time preset is one year" classname="| NewInsightsTest@gmail.com | Test123456! |" time="0"/>
  <testcase name="And Report selector appear as &quot;Entire Organization&quot;" classname="| NewInsightsTest@gmail.com | Test123456! |" time="0.001"/>
  <testcase name="When I click on &quot;Export&quot; and then choose &quot;CSV&quot;" classname="| NewInsightsTest@gmail.com | Test123456! |" time="0"/>
  <testcase name="Then File is downloaded and file name is &quot;CU Insights - User Sessions Count - 1Y&quot; and it is not empty" classname="| NewInsightsTest@gmail.com | Test123456! |" time="0.013">
    <failure message="File is empty." type="java.lang.AssertionError">java.lang.AssertionError: File is empty.
</failure>
  </testcase>
  <testcase name="| NewInsightsTest@gmail.com | Test123456! |" classname="| NewInsightsTest@gmail.com | Test123456! |" time="0.013">
    <failure message="File is empty." type="java.lang.AssertionError">java.lang.AssertionError: File is empty.
</failure>
  </testcase>
  <testcase name="And File &quot;CU Insights - User Sessions Count - 1Y&quot; deleted successfully" classname="| NewInsightsTest@gmail.com | Test123456! |" time="0">
    <skipped/>
  </testcase>
</testsuite>