<?xml version="1.0" encoding="UTF-8"?><testsuite failures="1" name="cucumber.runtime.formatter.JUnitFormatter" skipped="0" tests="1" time="9.929352">
<testcase classname="Basic coverage of login feature" name="User able to login using valid credentials" time="9.929352">
<failure message="java.lang.AssertionError: File is empty.&#10;&#9;at org.junit.Assert.fail(Assert.java:88)&#10;&#9;at pages.HomePage.checkThatFileContainsSomeData(HomePage.java:138)&#10;&#9;at stepdefinition.HomePageStepDef.fileIsDownloadedAndFileNameIsAndItIsNotEmpty(HomePageStepDef.java:43)&#10;&#9;at ✽.Then File is downloaded and file name is &quot;CU Insights - User Sessions Count - 1Y&quot; and it is not empty(Scenarios/Login.feature:13)&#10;"><![CDATA[Given I'm on login page.....................................................passed
And I'm trying to login with "NewInsightsTest@gmail.com" and "Test123456!"..passed
And I'm on home page and i'm logged in as "NewInsightsTest@gmail.com".......passed
And I'm on the "Sessions Count" report page.................................passed
And Report default time preset is one year..................................passed
And Report selector appear as "Entire Organization".........................passed
When I click on "Export" and then choose "CSV"..............................passed
Then File is downloaded and file name is "CU Insights - User Sessions Count - 1Y" and it is not empty.failed
And File "CU Insights - User Sessions Count - 1Y" deleted successfully......skipped

StackTrace:
java.lang.AssertionError: File is empty.
	at org.junit.Assert.fail(Assert.java:88)
	at pages.HomePage.checkThatFileContainsSomeData(HomePage.java:138)
	at stepdefinition.HomePageStepDef.fileIsDownloadedAndFileNameIsAndItIsNotEmpty(HomePageStepDef.java:43)
	at ✽.Then File is downloaded and file name is "CU Insights - User Sessions Count - 1Y" and it is not empty(Scenarios/Login.feature:13)
]]></failure>
</testcase>
</testsuite>
